<?xml version="1.0" encoding="UTF-8"?>
<testsuite name="com.platzimarket.PlatziMarketApplicationTests" tests="1" skipped="0" failures="0" errors="0" timestamp="2023-02-20T15:05:06" hostname="JMMSUDCAP" time="0.297">
  <properties/>
  <testcase name="contextLoads()" classname="com.platzimarket.PlatziMarketApplicationTests" time="0.297"/>
  <system-out><![CDATA[10:05:03.568 [Test worker] DEBUG org.springframework.boot.test.context.SpringBootTestContextBootstrapper - Neither @ContextConfiguration nor @ContextHierarchy found for test class [PlatziMarketApplicationTests]: using SpringBootContextLoader
10:05:03.572 [Test worker] DEBUG org.springframework.test.context.support.AbstractContextLoader - Could not detect default resource locations for test class [com.platzimarket.PlatziMarketApplicationTests]: no resource found for suffixes {-context.xml, Context.groovy}.
10:05:03.572 [Test worker] INFO org.springframework.test.context.support.AnnotationConfigContextLoaderUtils - Could not detect default configuration classes for test class [com.platzimarket.PlatziMarketApplicationTests]: PlatziMarketApplicationTests does not declare any static, non-private, non-final, nested classes annotated with @Configuration.
10:05:03.591 [Test worker] DEBUG org.springframework.boot.test.context.SpringBootTestContextBootstrapper - Using ContextCustomizers for test class [PlatziMarketApplicationTests]: [DisableObservabilityContextCustomizer, PropertyMappingContextCustomizer, Customizer, ExcludeFilterContextCustomizer, DuplicateJsonObjectContextCustomizer, MockitoContextCustomizer, TestRestTemplateContextCustomizer]
10:05:03.646 [Test worker] DEBUG org.springframework.context.annotation.ClassPathScanningCandidateComponentProvider - Identified candidate component class: file [C:\Users\jmmar\Documents\platzi-market\platzi-market\build\classes\java\main\com\platzimarket\PlatziMarketApplication.class]
10:05:03.647 [Test worker] INFO org.springframework.boot.test.context.SpringBootTestContextBootstrapper - Found @SpringBootConfiguration com.platzimarket.PlatziMarketApplication for test class com.platzimarket.PlatziMarketApplicationTests
10:05:03.736 [Test worker] DEBUG org.springframework.boot.test.context.SpringBootTestContextBootstrapper - Using TestExecutionListeners for test class [PlatziMarketApplicationTests]: [ServletTestExecutionListener, DirtiesContextBeforeModesTestExecutionListener, ApplicationEventsTestExecutionListener, MockitoTestExecutionListener, DependencyInjectionTestExecutionListener, DirtiesContextTestExecutionListener, TransactionalTestExecutionListener, SqlScriptsTestExecutionListener, EventPublishingTestExecutionListener, RestDocsTestExecutionListener, MockRestServiceServerResetTestExecutionListener, MockMvcPrintOnlyOnFailureTestExecutionListener, WebDriverTestExecutionListener, MockWebServiceServerTestExecutionListener, ResetMocksTestExecutionListener]
10:05:03.737 [Test worker] DEBUG org.springframework.test.context.support.AbstractDirtiesContextTestExecutionListener - Before test class: class [PlatziMarketApplicationTests], class annotated with @DirtiesContext [false] with mode [null]

  .   ____          _            __ _ _
 /\\ / ___'_ __ _ _(_)_ __  __ _ \ \ \ \
( ( )\___ | '_ | '_| | '_ \/ _` | \ \ \ \
 \\/  ___)| |_)| | | | | || (_| |  ) ) ) )
  '  |____| .__|_| |_|_| |_\__, | / / / /
 =========|_|==============|___/=/_/_/_/
 :: Spring Boot ::                (v3.0.2)

2023-02-20T10:05:03.974-05:00  INFO 6596 --- [    Test worker] c.p.PlatziMarketApplicationTests         : Starting PlatziMarketApplicationTests using Java 19.0.2 with PID 6596 (started by jmmar in C:\Users\jmmar\Documents\platzi-market\platzi-market)
2023-02-20T10:05:03.975-05:00  INFO 6596 --- [    Test worker] c.p.PlatziMarketApplicationTests         : The following 1 profile is active: "dev"
2023-02-20T10:05:04.397-05:00  INFO 6596 --- [    Test worker] .s.d.r.c.RepositoryConfigurationDelegate : Bootstrapping Spring Data JPA repositories in DEFAULT mode.
2023-02-20T10:05:04.415-05:00  INFO 6596 --- [    Test worker] .s.d.r.c.RepositoryConfigurationDelegate : Finished Spring Data repository scanning in 11 ms. Found 0 JPA repository interfaces.
2023-02-20T10:05:04.727-05:00  INFO 6596 --- [    Test worker] com.zaxxer.hikari.HikariDataSource       : HikariPool-1 - Starting...
2023-02-20T10:05:04.870-05:00  INFO 6596 --- [    Test worker] com.zaxxer.hikari.pool.HikariPool        : HikariPool-1 - Added connection org.postgresql.jdbc.PgConnection@604d23fa
2023-02-20T10:05:04.871-05:00  INFO 6596 --- [    Test worker] com.zaxxer.hikari.HikariDataSource       : HikariPool-1 - Start completed.
2023-02-20T10:05:04.912-05:00  INFO 6596 --- [    Test worker] o.hibernate.jpa.internal.util.LogHelper  : HHH000204: Processing PersistenceUnitInfo [name: default]
2023-02-20T10:05:04.957-05:00  INFO 6596 --- [    Test worker] org.hibernate.Version                    : HHH000412: Hibernate ORM core version 6.1.6.Final
2023-02-20T10:05:05.117-05:00  WARN 6596 --- [    Test worker] org.hibernate.orm.deprecation            : HHH90000021: Encountered deprecated setting [javax.persistence.sharedCache.mode], use [jakarta.persistence.sharedCache.mode] instead
2023-02-20T10:05:05.270-05:00  INFO 6596 --- [    Test worker] SQL dialect                              : HHH000400: Using dialect: org.hibernate.dialect.PostgreSQLDialect
2023-02-20T10:05:05.512-05:00  INFO 6596 --- [    Test worker] o.h.e.t.j.p.i.JtaPlatformInitiator       : HHH000490: Using JtaPlatform implementation: [org.hibernate.engine.transaction.jta.platform.internal.NoJtaPlatform]
2023-02-20T10:05:05.525-05:00  INFO 6596 --- [    Test worker] j.LocalContainerEntityManagerFactoryBean : Initialized JPA EntityManagerFactory for persistence unit 'default'
2023-02-20T10:05:05.683-05:00  WARN 6596 --- [    Test worker] JpaBaseConfiguration$JpaWebConfiguration : spring.jpa.open-in-view is enabled by default. Therefore, database queries may be performed during view rendering. Explicitly configure spring.jpa.open-in-view to disable this warning
2023-02-20T10:05:06.198-05:00  INFO 6596 --- [    Test worker] c.p.PlatziMarketApplicationTests         : Started PlatziMarketApplicationTests in 2.424 seconds (process running for 3.335)
]]></system-out>
  <system-err><![CDATA[]]></system-err>
</testsuite>
